<?xml version="1.0" encoding="UTF-8"?>
<!-- Generated by org.testng.reporters.JUnitReportReporter -->
<testsuite hostname="DESKTOP-PQFFS2E" failures="0" tests="1" name="TestJBB.JaiBajrangBali.AppTest" time="22.619" errors="0" timestamp="26 Mar 2022 11:22:57 GMT" skipped="0">
  <testcase classname="TestJBB.JaiBajrangBali.AppTest" name="shouldAnswerWithTrue" time="22.619"/>
</testsuite> <!-- TestJBB.JaiBajrangBali.AppTest -->
