<?xml version="1.0" encoding="UTF-8"?>
<!-- Generated by org.testng.reporters.JUnitReportReporter -->
<testsuite hostname="DESKTOP-PQFFS2E" failures="0" tests="1" name="TestJBB.JaiBajrangBali.AppTest2" time="0.006" errors="0" timestamp="26 Mar 2022 11:10:16 GMT" skipped="0">
  <testcase classname="TestJBB.JaiBajrangBali.AppTest2" name="shouldAnswerWithTrue" time="0.006"/>
</testsuite> <!-- TestJBB.JaiBajrangBali.AppTest2 -->
