<?xml version="1.0" encoding="UTF-8"?>
<!-- Generated by org.testng.reporters.JUnitReportReporter -->
<testsuite hostname="DESKTOP-PQFFS2E" failures="0" tests="2" name="TestJBB.JaiBajrangBali.AppTest" time="24.308" errors="0" timestamp="26 Mar 2022 17:10:58 GMT" skipped="0">
  <testcase classname="TestJBB.JaiBajrangBali.AppTest" name="anotherM" time="7.698"/>
  <testcase classname="TestJBB.JaiBajrangBali.AppTest" name="shouldAnswerWithTrue" time="16.610"/>
</testsuite> <!-- TestJBB.JaiBajrangBali.AppTest -->
